


ARM Macro Assembler    Page 1 


    1 00000000         ;/******************************************************
                       ************************
    2 00000000         ;* 
    3 00000000         ;* Copyright (c) 2010 Freescale Semiconductor;
    4 00000000         ;* All Rights Reserved                       
    5 00000000         ;*
    6 00000000         ;*******************************************************
                       ************************
    7 00000000         ;*
    8 00000000         ;* THIS SOFTWARE IS PROVIDED BY FREESCALE "AS IS" AND AN
                       Y EXPRESSED OR 
    9 00000000         ;* IMPLIED WARRANTIES, INCLUDING, BUT NOT LIMITED TO, TH
                       E IMPLIED WARRANTIES 
   10 00000000         ;* OF MERCHANTABILITY AND FITNESS FOR A PARTICULAR PURPO
                       SE ARE DISCLAIMED.  
   11 00000000         ;* IN NO EVENT SHALL FREESCALE OR ITS CONTRIBUTORS BE LI
                       ABLE FOR ANY DIRECT, 
   12 00000000         ;* INDIRECT, INCIDENTAL, SPECIAL, EXEMPLARY, OR CONSEQUE
                       NTIAL DAMAGES 
   13 00000000         ;* (INCLUDING, BUT NOT LIMITED TO, PROCUREMENT OF SUBSTI
                       TUTE GOODS OR 
   14 00000000         ;* SERVICES; LOSS OF USE, DATA, OR PROFITS; OR BUSINESS 
                       INTERRUPTION) 
   15 00000000         ;* HOWEVER CAUSED AND ON ANY THEORY OF LIABILITY, WHETHE
                       R IN CONTRACT, 
   16 00000000         ;* STRICT LIABILITY, OR TORT (INCLUDING NEGLIGENCE OR OT
                       HERWISE) ARISING 
   17 00000000         ;* IN ANY WAY OUT OF THE USE OF THIS SOFTWARE, EVEN IF A
                       DVISED OF 
   18 00000000         ;* THE POSSIBILITY OF SUCH DAMAGE.
   19 00000000         ;*
   20 00000000         ;*******************************************************
                       ********************//*!
   21 00000000         ;*
   22 00000000         ;* @file      bootloader_asm.s
   23 00000000         ;*
   24 00000000         ;* @author    b01119
   25 00000000         ;* 
   26 00000000         ;* @version   0.0.24.0
   27 00000000         ;* 
   28 00000000         ;* @date      Sep-23-2012
   29 00000000         ;* 
   30 00000000         ;* @brief     Bootloader jump to application function fo
                       r KEIL compiler
   31 00000000         ;*
   32 00000000         ;*******************************************************
                       ***********************/
   33 00000000         
   34 00000000                 AREA             |.text|, CODE, READONLY
   35 00000000         
   36 00000000                 EXPORT           JumpToUserApplication
   37 00000000         
   38 00000000         JumpToUserApplication
   39 00000000 F380 8808       msr              msp, r0
   40 00000004 F380 8809       msr              psp, r0
   41 00000008 468F            mov              pc, r1
   42 0000000A         
   43 0000000A                 END
Command Line: --debug --xref --cpu=Cortex-M0+ --apcs=interwork --depend=.\bootl



ARM Macro Assembler    Page 2 


oader_asm.d -o.\bootloader_asm.o -IC:\Keil_ARM4\ARM\RV31\INC -IC:\Keil_ARM4\ARM
\CMSIS\Include -IC:\Keil_ARM4\ARM\Inc\Freescale\Kinetis --list=.\kinetis_kl25\b
ootloader_asm.lst ..\CommonSource\bootloader\bootloader_asm.s



ARM Macro Assembler    Page 1 Alphabetic symbol ordering
Relocatable symbols

.text 00000000

Symbol: .text
   Definitions
      At line 34 in file ..\CommonSource\bootloader\bootloader_asm.s
   Uses
      None
Comment: .text unused
JumpToUserApplication 00000000

Symbol: JumpToUserApplication
   Definitions
      At line 38 in file ..\CommonSource\bootloader\bootloader_asm.s
   Uses
      At line 36 in file ..\CommonSource\bootloader\bootloader_asm.s
Comment: JumpToUserApplication used once
2 symbols
332 symbols in table
